/*C3*/SET SCHEMA PUBLIC
\u000a    create table Conta (\u000a        id integer generated by default as identity (start with 1),\u000a        agencia varchar(255),\u000a        banco varchar(255),\u000a        numero varchar(255),\u000a        titular varchar(255),\u000a        primary key (id)\u000a    )
\u000a    create table Movimentacao (\u000a        id integer generated by default as identity (start with 1),\u000a        data date,\u000a        descricaoMovimentacao varchar(255),\u000a        tipoMovimentacao varchar(255),\u000a        valor numeric(19,2),\u000a        conta_id integer,\u000a        primary key (id)\u000a    )
\u000a    alter table Movimentacao \u000a        add constraint FK257EB923C547677D \u000a        foreign key (conta_id) \u000a        references Conta
INSERT INTO CONTA VALUES(1,'6543','001 - BANCO DO BRASIL','16987-8','Maria dos Santos')
INSERT INTO CONTA VALUES(2,'1745','237 - BANCO BRADESCO','86759-1','Paulo Roberto Souza')
INSERT INTO CONTA VALUES(3,'4606','341 - BANCO ITAU UNIBANCO','46346-3','Antonio Duraes')
INSERT INTO CONTA VALUES(4,'9876','033 - BANCO SANTANDER','12345-6','Leandra Marques')
INSERT INTO CONTA VALUES(5,'1234','104 - CAIXA ECONOMICA FEDERAL','98654-3','Alexandre Duarte')
COMMIT
DISCONNECT
/*C4*/SET SCHEMA PUBLIC
INSERT INTO MOVIMENTACAO VALUES(1,'2017-01-18','Conta de luz - ABRIL/2012','SAIDA',135.00,NULL)
INSERT INTO MOVIMENTACAO VALUES(2,'2017-01-18','Almoco no Restaurante - AGOSTO/2012','SAIDA',175.80,NULL)
INSERT INTO MOVIMENTACAO VALUES(3,'2017-01-18','Aluguel - MAIO/2012','ENTRADA',680.00,NULL)
INSERT INTO MOVIMENTACAO VALUES(4,'2017-01-18','Salario - FEVEREIRO/2012','ENTRADA',3830.68,NULL)
INSERT INTO MOVIMENTACAO VALUES(5,'2017-01-18','Conta de telefone - SETEMBRO/2011','SAIDA',168.27,NULL)
INSERT INTO MOVIMENTACAO VALUES(6,'2017-01-18','Aniversario - MAIO/2011','ENTRADA',200.00,NULL)
INSERT INTO MOVIMENTACAO VALUES(7,'2017-01-18','Lanche - JULHO/2011','SAIDA',28.50,NULL)
INSERT INTO MOVIMENTACAO VALUES(8,'2017-01-18','Presente - DEZEMBRO/2011','SAIDA',49.99,NULL)
INSERT INTO MOVIMENTACAO VALUES(9,'2017-01-18','Bonus - JANEIRO/2012','ENTRADA',2000.00,NULL)
INSERT INTO MOVIMENTACAO VALUES(10,'2017-01-18','Carnaval - MARCO/2012','SAIDA',765.20,NULL)
INSERT INTO MOVIMENTACAO VALUES(11,'2017-01-18','Salario - ABRIL/2012','ENTRADA',2651.90,NULL)
INSERT INTO MOVIMENTACAO VALUES(12,'2017-01-18','Bonus - JANEIRO/2012','ENTRADA',1000.00,NULL)
COMMIT
DISCONNECT
/*C2*/SET SCHEMA PUBLIC
DROP TABLE movimentacao\u000d\u000a
/*C5*/SET SCHEMA PUBLIC
\u000a    create table Movimentacao (\u000a        id integer generated by default as identity (start with 1),\u000a        data date,\u000a        descricaoMovimentacao varchar(255),\u000a        tipoMovimentacao varchar(255),\u000a        valor numeric(19,2),\u000a        conta_id integer,\u000a        primary key (id)\u000a    )
\u000a    alter table Movimentacao \u000a        add constraint FK257EB923C547677D \u000a        foreign key (conta_id) \u000a        references Conta
INSERT INTO MOVIMENTACAO VALUES(1,'2017-01-18','Conta de luz - ABRIL/2012','SAIDA',135.00,NULL)
INSERT INTO MOVIMENTACAO VALUES(2,'2017-01-18','Almoco no Restaurante - AGOSTO/2012','SAIDA',175.80,NULL)
INSERT INTO MOVIMENTACAO VALUES(3,'2017-01-18','Aluguel - MAIO/2012','ENTRADA',680.00,NULL)
INSERT INTO MOVIMENTACAO VALUES(4,'2017-01-18','Salario - FEVEREIRO/2012','ENTRADA',3830.68,NULL)
INSERT INTO MOVIMENTACAO VALUES(5,'2017-01-18','Conta de telefone - SETEMBRO/2011','SAIDA',168.27,NULL)
INSERT INTO MOVIMENTACAO VALUES(6,'2017-01-18','Aniversario - MAIO/2011','ENTRADA',200.00,NULL)
INSERT INTO MOVIMENTACAO VALUES(7,'2017-01-18','Lanche - JULHO/2011','SAIDA',28.50,NULL)
INSERT INTO MOVIMENTACAO VALUES(8,'2017-01-18','Presente - DEZEMBRO/2011','SAIDA',49.99,NULL)
INSERT INTO MOVIMENTACAO VALUES(9,'2017-01-18','Bonus - JANEIRO/2012','ENTRADA',2000.00,NULL)
INSERT INTO MOVIMENTACAO VALUES(10,'2017-01-18','Carnaval - MARCO/2012','SAIDA',765.20,NULL)
INSERT INTO MOVIMENTACAO VALUES(11,'2017-01-18','Salario - ABRIL/2012','ENTRADA',2651.90,NULL)
INSERT INTO MOVIMENTACAO VALUES(12,'2017-01-18','Bonus - JANEIRO/2012','ENTRADA',1000.00,NULL)
COMMIT
DISCONNECT
/*C2*/drop table\u000d\u000a movimentacao\u000d\u000a\u000d\u000a
/*C6*/SET SCHEMA PUBLIC
\u000a    create table Movimentacao (\u000a        id integer generated by default as identity (start with 1),\u000a        data date,\u000a        descricaoMovimentacao varchar(255),\u000a        tipoMovimentacao varchar(255),\u000a        valor numeric(19,2),\u000a        conta_id integer,\u000a        primary key (id)\u000a    )
\u000a    alter table Movimentacao \u000a        add constraint FK257EB923C547677D \u000a        foreign key (conta_id) \u000a        references Conta
INSERT INTO MOVIMENTACAO VALUES(1,'2017-01-18','Conta de luz - ABRIL/2012','SAIDA',135.00,1)
INSERT INTO MOVIMENTACAO VALUES(2,'2017-01-18','Almoco no Restaurante - AGOSTO/2012','SAIDA',175.80,1)
INSERT INTO MOVIMENTACAO VALUES(3,'2017-01-18','Aluguel - MAIO/2012','ENTRADA',680.00,1)
INSERT INTO MOVIMENTACAO VALUES(4,'2017-01-18','Salario - FEVEREIRO/2012','ENTRADA',3830.68,1)
INSERT INTO MOVIMENTACAO VALUES(5,'2017-01-18','Conta de telefone - SETEMBRO/2011','SAIDA',168.27,2)
INSERT INTO MOVIMENTACAO VALUES(6,'2017-01-18','Aniversario - MAIO/2011','ENTRADA',200.00,2)
INSERT INTO MOVIMENTACAO VALUES(7,'2017-01-18','Lanche - JULHO/2011','SAIDA',28.50,3)
INSERT INTO MOVIMENTACAO VALUES(8,'2017-01-18','Presente - DEZEMBRO/2011','SAIDA',49.99,3)
INSERT INTO MOVIMENTACAO VALUES(9,'2017-01-18','Bonus - JANEIRO/2012','ENTRADA',2000.00,3)
INSERT INTO MOVIMENTACAO VALUES(10,'2017-01-18','Carnaval - MARCO/2012','SAIDA',765.20,4)
INSERT INTO MOVIMENTACAO VALUES(11,'2017-01-18','Salario - ABRIL/2012','ENTRADA',2651.90,5)
INSERT INTO MOVIMENTACAO VALUES(12,'2017-01-18','Bonus - JANEIRO/2012','ENTRADA',1000.00,5)
COMMIT
DISCONNECT
/*C7*/SET SCHEMA PUBLIC
DISCONNECT
/*C8*/SET SCHEMA PUBLIC
DISCONNECT
/*C9*/SET SCHEMA PUBLIC
DISCONNECT
/*C10*/SET SCHEMA PUBLIC
DISCONNECT
/*C11*/SET SCHEMA PUBLIC
DISCONNECT
/*C12*/SET SCHEMA PUBLIC
DISCONNECT
/*C13*/SET SCHEMA PUBLIC
DISCONNECT
/*C14*/SET SCHEMA PUBLIC
DISCONNECT
/*C15*/SET SCHEMA PUBLIC
DISCONNECT
/*C16*/SET SCHEMA PUBLIC
DISCONNECT
/*C17*/SET SCHEMA PUBLIC
DISCONNECT
/*C18*/SET SCHEMA PUBLIC
DISCONNECT
/*C19*/SET SCHEMA PUBLIC
DISCONNECT
/*C20*/SET SCHEMA PUBLIC
DISCONNECT
/*C21*/SET SCHEMA PUBLIC
DISCONNECT
/*C22*/SET SCHEMA PUBLIC
DISCONNECT
/*C23*/SET SCHEMA PUBLIC
DISCONNECT
/*C24*/SET SCHEMA PUBLIC
DISCONNECT
/*C25*/SET SCHEMA PUBLIC
DISCONNECT
/*C2*/DISCONNECT
